<?xml version="1.0" encoding="UTF-8"?>
<!-- Generated by org.testng.reporters.JUnitReportReporter -->
<testsuite hostname="LAPTOP-COQFRCSP" failures="0" tests="1" name="test.Subjects" time="0.004" errors="0" timestamp="2023-01-27T23:37:07 IST" skipped="0">
  <testcase classname="test.Subjects" name="sql" time="0.004"/>
  <system-out/>
</testsuite> <!-- test.Subjects -->
