<?xml version="1.0" encoding="UTF-8"?>
<!-- Generated by org.testng.reporters.JUnitReportReporter -->
<testsuite hostname="LAPTOP-COQFRCSP" failures="0" tests="2" name="test.Testt" time="0.022" errors="0" timestamp="2023-02-24T19:17:22 IST" skipped="0">
  <testcase classname="test.Testt" name="mobileLoginCarLoan" time="0.020"/>
  <system-out/>
  <testcase classname="test.Testt" name="webloginCarLoan" time="0.002"/>
  <system-out/>
</testsuite> <!-- test.Testt -->
