<?xml version="1.0" encoding="UTF-8"?>
<!-- Generated by org.testng.reporters.JUnitReportReporter -->
<testsuite hostname="LAPTOP-COQFRCSP" failures="0" tests="3" name="test.Bank_Loan" time="0.017" errors="0" timestamp="2023-01-27T23:37:07 IST" skipped="1">
  <testcase classname="test.Bank_Loan" name="crop_Bam" time="0.003"/>
  <system-out/>
  <testcase classname="test.Bank_Loan" name="crop_Take" time="0.014"/>
  <system-out/>
  <testcase classname="test.Bank_Loan" name="crop_Loan">
    <skipped/>
  </testcase> <!-- crop_Loan -->
  <system-out/>
</testsuite> <!-- test.Bank_Loan -->
