<?xml version="1.0" encoding="UTF-8"?>
<!-- Generated by org.testng.reporters.JUnitReportReporter -->
<testsuite hostname="LAPTOP-COQFRCSP" failures="0" tests="2" name="test.Shiv" time="0.005" errors="0" timestamp="2023-01-27T23:37:07 IST" skipped="0">
  <testcase classname="test.Shiv" name="dem" time="0.003"/>
  <system-out/>
  <testcase classname="test.Shiv" name="lapyLoan" time="0.002"/>
  <system-out/>
</testsuite> <!-- test.Shiv -->
